[0923/134030.143:ERROR:process_memory_win.cc(73)] ReadMemory at 0x3a0000 of 64 bytes failed: Only part of a ReadProcessMemory or WriteProcessMemory request was completed. (0x12B)
[0923/134030.147:WARNING:pe_image_reader.cc(340)] could not read dos header from C:\Program Files (x86)\Google\Chrome\Application\chrome.exe
[0923/134030.147:ERROR:process_memory_win.cc(73)] ReadMemory at 0x778c0000 of 64 bytes failed: Only part of a ReadProcessMemory or WriteProcessMemory request was completed. (0x12B)
[0923/134030.147:WARNING:pe_image_reader.cc(340)] could not read dos header from C:\WINDOWS\SYSTEM32\ntdll.dll
[0923/134030.147:ERROR:process_memory_win.cc(73)] ReadMemory at 0x760b0000 of 64 bytes failed: Only part of a ReadProcessMemory or WriteProcessMemory request was completed. (0x12B)
[0923/134030.148:WARNING:pe_image_reader.cc(340)] could not read dos header from C:\WINDOWS\System32\KERNEL32.DLL
[0923/134030.148:ERROR:process_memory_win.cc(73)] ReadMemory at 0x751b0000 of 64 bytes failed: Only part of a ReadProcessMemory or WriteProcessMemory request was completed. (0x12B)
[0923/134030.148:WARNING:pe_image_reader.cc(340)] could not read dos header from C:\WINDOWS\System32\KERNELBASE.dll
[0923/134030.148:ERROR:process_memory_win.cc(73)] ReadMemory at 0x68390000 of 64 bytes failed: Only part of a ReadProcessMemory or WriteProcessMemory request was completed. (0x12B)
[0923/134030.148:WARNING:pe_image_reader.cc(340)] could not read dos header from C:\Program Files (x86)\Google\Chrome\Application\85.0.4183.102\chrome_elf.dll
[0923/134030.148:ERROR:process_memory_win.cc(73)] ReadMemory at 0x74e00000 of 64 bytes failed: Only part of a ReadProcessMemory or WriteProcessMemory request was completed. (0x12B)
[0923/134030.148:WARNING:pe_image_reader.cc(340)] could not read dos header from C:\WINDOWS\SYSTEM32\VERSION.dll
[0923/134030.148:ERROR:process_memory_win.cc(73)] ReadMemory at 0x77740000 of 64 bytes failed: Only part of a ReadProcessMemory or WriteProcessMemory request was completed. (0x12B)
[0923/134030.148:WARNING:pe_image_reader.cc(340)] could not read dos header from C:\WINDOWS\System32\msvcrt.dll
[0923/134030.148:ERROR:process_memory_win.cc(73)] ReadMemory at 0x76190000 of 64 bytes failed: Only part of a ReadProcessMemory or WriteProcessMemory request was completed. (0x12B)
[0923/134030.148:WARNING:pe_image_reader.cc(340)] could not read dos header from C:\WINDOWS\System32\bcryptPrimitives.dll
[0923/134030.148:ERROR:process_memory_win.cc(73)] ReadMemory at 0x77810000 of 64 bytes failed: Only part of a ReadProcessMemory or WriteProcessMemory request was completed. (0x12B)
[0923/134030.148:WARNING:pe_image_reader.cc(340)] could not read dos header from C:\WINDOWS\System32\ADVAPI32.dll
[0923/134030.148:ERROR:process_memory_win.cc(73)] ReadMemory at 0x768c0000 of 64 bytes failed: Only part of a ReadProcessMemory or WriteProcessMemory request was completed. (0x12B)
[0923/134030.148:WARNING:pe_image_reader.cc(340)] could not read dos header from C:\WINDOWS\System32\sechost.dll
[0923/134030.148:ERROR:process_memory_win.cc(73)] ReadMemory at 0x77410000 of 64 bytes failed: Only part of a ReadProcessMemory or WriteProcessMemory request was completed. (0x12B)
[0923/134030.148:WARNING:pe_image_reader.cc(340)] could not read dos header from C:\WINDOWS\System32\RPCRT4.dll
[0923/134030.148:ERROR:process_memory_win.cc(73)] ReadMemory at 0x75080000 of 64 bytes failed: Only part of a ReadProcessMemory or WriteProcessMemory request was completed. (0x12B)
[0923/134030.148:WARNING:pe_image_reader.cc(340)] could not read dos header from C:\WINDOWS\System32\SspiCli.dll
[0923/134030.148:ERROR:process_memory_win.cc(73)] ReadMemory at 0x75070000 of 64 bytes failed: Only part of a ReadProcessMemory or WriteProcessMemory request was completed. (0x12B)
[0923/134030.149:WARNING:pe_image_reader.cc(340)] could not read dos header from C:\WINDOWS\System32\CRYPTBASE.dll
[0923/134030.149:ERROR:process_memory_win.cc(73)] ReadMemory at 0xfa80000 of 64 bytes failed: Only part of a ReadProcessMemory or WriteProcessMemory request was completed. (0x12B)
[0923/134030.149:WARNING:pe_image_reader.cc(340)] could not read dos header from C:\Program Files (x86)\Google\Chrome\Application\85.0.4183.102\chrome.dll
[0923/134030.149:ERROR:process_memory_win.cc(73)] ReadMemory at 0x753c0000 of 64 bytes failed: Only part of a ReadProcessMemory or WriteProcessMemory request was completed. (0x12B)
[0923/134030.149:WARNING:pe_image_reader.cc(340)] could not read dos header from C:\WINDOWS\System32\WS2_32.dll
[0923/134030.149:ERROR:process_memory_win.cc(73)] ReadMemory at 0x75f10000 of 64 bytes failed: Only part of a ReadProcessMemory or WriteProcessMemory request was completed. (0x12B)
[0923/134030.149:WARNING:pe_image_reader.cc(340)] could not read dos header from C:\WINDOWS\System32\OLEAUT32.dll
[0923/134030.149:ERROR:process_memory_win.cc(73)] ReadMemory at 0x75e40000 of 64 bytes failed: Only part of a ReadProcessMemory or WriteProcessMemory request was completed. (0x12B)
[0923/134030.149:WARNING:pe_image_reader.cc(340)] could not read dos header from C:\WINDOWS\System32\msvcp_win.dll
[0923/134030.149:ERROR:process_memory_win.cc(73)] ReadMemory at 0x75830000 of 64 bytes failed: Only part of a ReadProcessMemory or WriteProcessMemory request was completed. (0x12B)
[0923/134030.149:WARNING:pe_image_reader.cc(340)] could not read dos header from C:\WINDOWS\System32\ucrtbase.dll
[0923/134030.149:ERROR:process_memory_win.cc(73)] ReadMemory at 0x755b0000 of 64 bytes failed: Only part of a ReadProcessMemory or WriteProcessMemory request was completed. (0x12B)
[0923/134030.149:WARNING:pe_image_reader.cc(340)] could not read dos header from C:\WINDOWS\System32\combase.dll
[0923/134030.149:ERROR:process_memory_win.cc(73)] ReadMemory at 0x77660000 of 64 bytes failed: Only part of a ReadProcessMemory or WriteProcessMemory request was completed. (0x12B)
[0923/134030.149:WARNING:pe_image_reader.cc(340)] could not read dos header from C:\WINDOWS\System32\WINTRUST.dll
[0923/134030.149:ERROR:process_memory_win.cc(73)] ReadMemory at 0x778a0000 of 64 bytes failed: Only part of a ReadProcessMemory or WriteProcessMemory request was completed. (0x12B)
[0923/134030.149:WARNING:pe_image_reader.cc(340)] could not read dos header from C:\WINDOWS\System32\MSASN1.dll
[0923/134030.149:ERROR:process_memory_win.cc(73)] ReadMemory at 0x750b0000 of 64 bytes failed: Only part of a ReadProcessMemory or WriteProcessMemory request was completed. (0x12B)
[0923/134030.149:WARNING:pe_image_reader.cc(340)] could not read dos header from C:\WINDOWS\System32\CRYPT32.dll
[0923/134030.149:ERROR:process_memory_win.cc(73)] ReadMemory at 0x74dc0000 of 64 bytes failed: Only part of a ReadProcessMemory or WriteProcessMemory request was completed. (0x12B)
[0923/134030.149:WARNING:pe_image_reader.cc(340)] could not read dos header from C:\WINDOWS\SYSTEM32\IPHLPAPI.DLL
[0923/134030.150:ERROR:process_memory_win.cc(73)] ReadMemory at 0x70020000 of 64 bytes failed: Only part of a ReadProcessMemory or WriteProcessMemory request was completed. (0x12B)
[0923/134030.150:WARNING:pe_image_reader.cc(340)] could not read dos header from C:\WINDOWS\SYSTEM32\WINMM.dll
[0923/134030.150:ERROR:process_memory_win.cc(73)] ReadMemory at 0x62a30000 of 64 bytes failed: Only part of a ReadProcessMemory or WriteProcessMemory request was completed. (0x12B)
[0923/134030.150:WARNING:pe_image_reader.cc(340)] could not read dos header from C:\WINDOWS\SYSTEM32\UIAutomationCore.DLL
[0923/134030.150:ERROR:process_memory_win.cc(73)] ReadMemory at 0x74950000 of 64 bytes failed: Only part of a ReadProcessMemory or WriteProcessMemory request was completed. (0x12B)
[0923/134030.150:WARNING:pe_image_reader.cc(340)] could not read dos header from C:\WINDOWS\SYSTEM32\Secur32.dll
[0923/134030.150:ERROR:process_memory_win.cc(73)] ReadMemory at 0x74da0000 of 64 bytes failed: Only part of a ReadProcessMemory or WriteProcessMemory request was completed. (0x12B)
[0923/134030.150:WARNING:pe_image_reader.cc(340)] could not read dos header from C:\WINDOWS\SYSTEM32\USERENV.dll
[0923/134030.150:ERROR:process_memory_win.cc(73)] ReadMemory at 0x77640000 of 64 bytes failed: Only part of a ReadProcessMemory or WriteProcessMemory request was completed. (0x12B)
[0923/134030.150:WARNING:pe_image_reader.cc(340)] could not read dos header from C:\WINDOWS\System32\profapi.dll
[0923/134030.150:ERROR:process_memory_win.cc(73)] ReadMemory at 0x6b660000 of 64 bytes failed: Only part of a ReadProcessMemory or WriteProcessMemory request was completed. (0x12B)
[0923/134030.150:WARNING:pe_image_reader.cc(340)] could not read dos header from C:\WINDOWS\SYSTEM32\DWrite.dll
[0923/134030.150:ERROR:process_memory_win.cc(73)] ReadMemory at 0x74ed0000 of 64 bytes failed: Only part of a ReadProcessMemory or WriteProcessMemory request was completed. (0x12B)
[0923/134030.150:WARNING:pe_image_reader.cc(340)] could not read dos header from C:\WINDOWS\SYSTEM32\WINSPOOL.DRV
[0923/134030.150:ERROR:process_memory_win.cc(73)] ReadMemory at 0x753b0000 of 64 bytes failed: Only part of a ReadProcessMemory or WriteProcessMemory request was completed. (0x12B)
[0923/134030.150:WARNING:pe_image_reader.cc(340)] could not read dos header from C:\WINDOWS\System32\kernel.appcore.dll
[0923/134030.150:ERROR:process_memory_win.cc(73)] ReadMemory at 0x75950000 of 64 bytes failed: Only part of a ReadProcessMemory or WriteProcessMemory request was completed. (0x12B)
[0923/134030.150:WARNING:pe_image_reader.cc(340)] could not read dos header from C:\WINDOWS\System32\bcrypt.dll
[0923/134030.150:ERROR:process_memory_win.cc(73)] ReadMemory at 0x6f7b0000 of 64 bytes failed: Only part of a ReadProcessMemory or WriteProcessMemory request was completed. (0x12B)
[0923/134030.150:WARNING:pe_image_reader.cc(340)] could not read dos header from C:\WINDOWS\SYSTEM32\dbghelp.dll
[0923/134030.150:ERROR:process_memory_win.cc(73)] ReadMemory at 0x74e10000 of 64 bytes failed: Only part of a ReadProcessMemory or WriteProcessMemory request was completed. (0x12B)
[0923/134030.150:WARNING:pe_image_reader.cc(340)] could not read dos header from C:\WINDOWS\SYSTEM32\WINHTTP.dll
[0923/134030.150:ERROR:process_memory_win.cc(73)] ReadMemory at 0x6eda0000 of 64 bytes failed: Only part of a ReadProcessMemory or WriteProcessMemory request was completed. (0x12B)
[0923/134030.150:WARNING:pe_image_reader.cc(340)] could not read dos header from C:\WINDOWS\SYSTEM32\dhcpcsvc.DLL
[0923/134030.150:ERROR:process_memory_win.cc(73)] ReadMemory at 0x759d0000 of 64 bytes failed: Only part of a ReadProcessMemory or WriteProcessMemory request was completed. (0x12B)
[0923/134030.151:WARNING:pe_image_reader.cc(340)] could not read dos header from C:\WINDOWS\System32\NSI.dll
[0923/134030.151:ERROR:process_memory_win.cc(73)] ReadMemory at 0x6fff0000 of 64 bytes failed: Only part of a ReadProcessMemory or WriteProcessMemory request was completed. (0x12B)
[0923/134030.151:WARNING:pe_image_reader.cc(340)] could not read dos header from C:\WINDOWS\SYSTEM32\WINMMBASE.dll
[0923/134030.151:ERROR:process_memory_win.cc(73)] ReadMemory at 0x77380000 of 64 bytes failed: Only part of a ReadProcessMemory or WriteProcessMemory request was completed. (0x12B)
[0923/134030.151:WARNING:pe_image_reader.cc(340)] could not read dos header from C:\WINDOWS\System32\cfgmgr32.dll
[0923/134030.151:ERROR:process_memory_win.cc(73)] ReadMemory at 0x73f40000 of 64 bytes failed: Only part of a ReadProcessMemory or WriteProcessMemory request was completed. (0x12B)
[0923/134030.151:WARNING:pe_image_reader.cc(340)] could not read dos header from C:\WINDOWS\SYSTEM32\PROPSYS.dll
[0923/134030.151:ERROR:process_memory_win.cc(73)] ReadMemory at 0x776b0000 of 64 bytes failed: Only part of a ReadProcessMemory or WriteProcessMemory request was completed. (0x12B)
[0923/134030.151:WARNING:pe_image_reader.cc(340)] could not read dos header from C:\WINDOWS\System32\shcore.dll
[0923/134030.151:ERROR:process_memory_win.cc(73)] ReadMemory at 0x76340000 of 64 bytes failed: Only part of a ReadProcessMemory or WriteProcessMemory request was completed. (0x12B)
[0923/134030.151:WARNING:pe_image_reader.cc(340)] could not read dos header from C:\WINDOWS\System32\SHELL32.dll
[0923/134030.151:ERROR:process_memory_win.cc(73)] ReadMemory at 0x76db0000 of 64 bytes failed: Only part of a ReadProcessMemory or WriteProcessMemory request was completed. (0x12B)
[0923/134030.151:WARNING:pe_image_reader.cc(340)] could not read dos header from C:\WINDOWS\System32\windows.storage.dll
[0923/134030.151:ERROR:process_memory_win.cc(73)] ReadMemory at 0x773c0000 of 64 bytes failed: Only part of a ReadProcessMemory or WriteProcessMemory request was completed. (0x12B)
[0923/134030.151:WARNING:pe_image_reader.cc(340)] could not read dos header from C:\WINDOWS\System32\powrprof.dll
[0923/134030.151:ERROR:process_memory_win.cc(73)] ReadMemory at 0x75e30000 of 64 bytes failed: Only part of a ReadProcessMemory or WriteProcessMemory request was completed. (0x12B)
[0923/134030.151:WARNING:pe_image_reader.cc(340)] could not read dos header from C:\WINDOWS\System32\UMPDC.dll
[0923/134030.151:ERROR:process_memory_win.cc(73)] ReadMemory at 0x75ec0000 of 64 bytes failed: Only part of a ReadProcessMemory or WriteProcessMemory request was completed. (0x12B)
[0923/134030.151:WARNING:pe_image_reader.cc(340)] could not read dos header from C:\WINDOWS\System32\shlwapi.dll
[0923/134030.151:ERROR:process_memory_win.cc(73)] ReadMemory at 0x75580000 of 64 bytes failed: Only part of a ReadProcessMemory or WriteProcessMemory request was completed. (0x12B)
[0923/134030.151:WARNING:pe_image_reader.cc(340)] could not read dos header from C:\WINDOWS\System32\GDI32.dll
[0923/134030.152:ERROR:process_memory_win.cc(73)] ReadMemory at 0x761f0000 of 64 bytes failed: Only part of a ReadProcessMemory or WriteProcessMemory request was completed. (0x12B)
[0923/134030.152:WARNING:pe_image_reader.cc(340)] could not read dos header from C:\WINDOWS\System32\win32u.dll
[0923/134030.152:ERROR:process_memory_win.cc(73)] ReadMemory at 0x75420000 of 64 bytes failed: Only part of a ReadProcessMemory or WriteProcessMemory request was completed. (0x12B)
[0923/134030.152:WARNING:pe_image_reader.cc(340)] could not read dos header from C:\WINDOWS\System32\gdi32full.dll
[0923/134030.152:ERROR:process_memory_win.cc(73)] ReadMemory at 0x75a40000 of 64 bytes failed: Only part of a ReadProcessMemory or WriteProcessMemory request was completed. (0x12B)
[0923/134030.152:WARNING:pe_image_reader.cc(340)] could not read dos header from C:\WINDOWS\System32\USER32.dll
[0923/134030.152:ERROR:process_memory_win.cc(73)] ReadMemory at 0x75d80000 of 64 bytes failed: Only part of a ReadProcessMemory or WriteProcessMemory request was completed. (0x12B)
[0923/134030.152:WARNING:pe_image_reader.cc(340)] could not read dos header from C:\WINDOWS\System32\cryptsp.dll
[0923/134030.152:ERROR:process_memory_win.cc(73)] ReadMemory at 0x75e00000 of 64 bytes failed: Only part of a ReadProcessMemory or WriteProcessMemory request was completed. (0x12B)
[0923/134030.152:WARNING:pe_image_reader.cc(340)] could not read dos header from C:\WINDOWS\System32\IMM32.DLL
[0923/134030.182:ERROR:process_memory_win.cc(73)] ReadMemory at 0x51ae000 of 73728 bytes failed: Only part of a ReadProcessMemory or WriteProcessMemory request was completed. (0x12B)
[0923/134030.183:ERROR:process_memory_win.cc(73)] ReadMemory at 0x6f5e000 of 8192 bytes failed: Only part of a ReadProcessMemory or WriteProcessMemory request was completed. (0x12B)
[0923/134030.183:ERROR:process_memory_win.cc(73)] ReadMemory at 0x709b000 of 20480 bytes failed: Only part of a ReadProcessMemory or WriteProcessMemory request was completed. (0x12B)
[0923/134030.183:ERROR:process_memory_win.cc(73)] ReadMemory at 0x71de000 of 8192 bytes failed: Only part of a ReadProcessMemory or WriteProcessMemory request was completed. (0x12B)
[0923/134030.183:ERROR:process_memory_win.cc(73)] ReadMemory at 0x731d000 of 12288 bytes failed: Only part of a ReadProcessMemory or WriteProcessMemory request was completed. (0x12B)
[0923/134030.183:ERROR:process_memory_win.cc(73)] ReadMemory at 0x74df000 of 4096 bytes failed: Only part of a ReadProcessMemory or WriteProcessMemory request was completed. (0x12B)
[0923/134030.183:ERROR:process_memory_win.cc(73)] ReadMemory at 0x761e000 of 8192 bytes failed: Only part of a ReadProcessMemory or WriteProcessMemory request was completed. (0x12B)
[0923/134030.183:ERROR:process_memory_win.cc(73)] ReadMemory at 0x785e000 of 8192 bytes failed: Only part of a ReadProcessMemory or WriteProcessMemory request was completed. (0x12B)
[0923/134030.183:ERROR:process_memory_win.cc(73)] ReadMemory at 0x799e000 of 8192 bytes failed: Only part of a ReadProcessMemory or WriteProcessMemory request was completed. (0x12B)
[0923/134030.183:ERROR:process_memory_win.cc(73)] ReadMemory at 0x7add000 of 12288 bytes failed: Only part of a ReadProcessMemory or WriteProcessMemory request was completed. (0x12B)
[0923/134030.183:ERROR:process_memory_win.cc(73)] ReadMemory at 0x7e1a000 of 24576 bytes failed: Only part of a ReadProcessMemory or WriteProcessMemory request was completed. (0x12B)
[0923/134030.183:ERROR:process_memory_win.cc(73)] ReadMemory at 0x7f5d000 of 12288 bytes failed: Only part of a ReadProcessMemory or WriteProcessMemory request was completed. (0x12B)
[0923/134030.184:ERROR:process_memory_win.cc(73)] ReadMemory at 0x809e000 of 8192 bytes failed: Only part of a ReadProcessMemory or WriteProcessMemory request was completed. (0x12B)
[0923/134030.184:ERROR:process_memory_win.cc(73)] ReadMemory at 0x825d000 of 12288 bytes failed: Only part of a ReadProcessMemory or WriteProcessMemory request was completed. (0x12B)
[0923/134030.184:ERROR:process_memory_win.cc(73)] ReadMemory at 0x9f6e000 of 8192 bytes failed: Only part of a ReadProcessMemory or WriteProcessMemory request was completed. (0x12B)
[0923/134030.184:ERROR:process_memory_win.cc(73)] ReadMemory at 0x4e7ff80 of 688 bytes failed: Only part of a ReadProcessMemory or WriteProcessMemory request was completed. (0x12B)
[0923/134030.184:ERROR:process_memory_win.cc(73)] ReadMemory at 0x4e83000 of 3992 bytes failed: Only part of a ReadProcessMemory or WriteProcessMemory request was completed. (0x12B)
[0923/134030.184:ERROR:process_memory_win.cc(73)] ReadMemory at 0x4e89000 of 3992 bytes failed: Only part of a ReadProcessMemory or WriteProcessMemory request was completed. (0x12B)
[0923/134030.185:ERROR:process_memory_win.cc(73)] ReadMemory at 0x4e8c000 of 3992 bytes failed: Only part of a ReadProcessMemory or WriteProcessMemory request was completed. (0x12B)
[0923/134030.185:ERROR:process_memory_win.cc(73)] ReadMemory at 0x4e8f000 of 3992 bytes failed: Only part of a ReadProcessMemory or WriteProcessMemory request was completed. (0x12B)
[0923/134030.185:ERROR:process_memory_win.cc(73)] ReadMemory at 0x4e92000 of 3992 bytes failed: Only part of a ReadProcessMemory or WriteProcessMemory request was completed. (0x12B)
[0923/134030.185:ERROR:process_memory_win.cc(73)] ReadMemory at 0x4e95000 of 3992 bytes failed: Only part of a ReadProcessMemory or WriteProcessMemory request was completed. (0x12B)
[0923/134030.185:ERROR:process_memory_win.cc(73)] ReadMemory at 0x4e98000 of 3992 bytes failed: Only part of a ReadProcessMemory or WriteProcessMemory request was completed. (0x12B)
[0923/134030.186:ERROR:process_memory_win.cc(73)] ReadMemory at 0x4e9b000 of 3992 bytes failed: Only part of a ReadProcessMemory or WriteProcessMemory request was completed. (0x12B)
[0923/134030.186:ERROR:process_memory_win.cc(73)] ReadMemory at 0x4e9e000 of 3992 bytes failed: Only part of a ReadProcessMemory or WriteProcessMemory request was completed. (0x12B)
[0923/134030.187:ERROR:process_memory_win.cc(73)] ReadMemory at 0x4ea1000 of 3992 bytes failed: Only part of a ReadProcessMemory or WriteProcessMemory request was completed. (0x12B)
[0923/134030.187:ERROR:process_memory_win.cc(73)] ReadMemory at 0x4ea4000 of 3992 bytes failed: Only part of a ReadProcessMemory or WriteProcessMemory request was completed. (0x12B)
[0923/134030.187:ERROR:process_memory_win.cc(73)] ReadMemory at 0x4ea7000 of 3992 bytes failed: Only part of a ReadProcessMemory or WriteProcessMemory request was completed. (0x12B)
[0923/134030.188:ERROR:process_memory_win.cc(73)] ReadMemory at 0x4eaa000 of 3992 bytes failed: Only part of a ReadProcessMemory or WriteProcessMemory request was completed. (0x12B)
[0923/134030.188:ERROR:process_memory_win.cc(73)] ReadMemory at 0x4ead000 of 3992 bytes failed: Only part of a ReadProcessMemory or WriteProcessMemory request was completed. (0x12B)
[0923/134030.189:ERROR:process_memory_win.cc(73)] ReadMemory at 0x4eb0000 of 3992 bytes failed: Only part of a ReadProcessMemory or WriteProcessMemory request was completed. (0x12B)
[0923/134030.190:ERROR:process_memory_win.cc(73)] ReadMemory at 0x5320af0 of 6448 bytes failed: Only part of a ReadProcessMemory or WriteProcessMemory request was completed. (0x12B)
[0923/134030.190:ERROR:process_memory_win.cc(73)] ReadMemory at 0x5322428 of 660 bytes failed: Only part of a ReadProcessMemory or WriteProcessMemory request was completed. (0x12B)
[0923/134030.190:ERROR:process_memory_win.cc(73)] ReadMemory at 0x53228ec of 118 bytes failed: Only part of a ReadProcessMemory or WriteProcessMemory request was completed. (0x12B)
[0923/134030.190:ERROR:process_memory_win.cc(73)] ReadMemory at 0x5322964 of 1244 bytes failed: Only part of a ReadProcessMemory or WriteProcessMemory request was completed. (0x12B)
[0923/134030.190:ERROR:process_memory_win.cc(73)] ReadMemory at 0x5322e42 of 118 bytes failed: Only part of a ReadProcessMemory or WriteProcessMemory request was completed. (0x12B)
[0923/134030.190:ERROR:process_memory_win.cc(73)] ReadMemory at 0x5322eba of 96 bytes failed: Only part of a ReadProcessMemory or WriteProcessMemory request was completed. (0x12B)
[0923/134030.190:ERROR:process_memory_win.cc(73)] ReadMemory at 0x5324858 of 58 bytes failed: Only part of a ReadProcessMemory or WriteProcessMemory request was completed. (0x12B)
[0923/134030.190:ERROR:process_memory_win.cc(73)] ReadMemory at 0x5324948 of 72 bytes failed: Only part of a ReadProcessMemory or WriteProcessMemory request was completed. (0x12B)
[0923/134030.190:ERROR:process_memory_win.cc(73)] ReadMemory at 0x5324a30 of 72 bytes failed: Only part of a ReadProcessMemory or WriteProcessMemory request was completed. (0x12B)
[0923/134030.190:ERROR:process_memory_win.cc(73)] ReadMemory at 0x5324b30 of 126 bytes failed: Only part of a ReadProcessMemory or WriteProcessMemory request was completed. (0x12B)
[0923/134030.191:ERROR:process_memory_win.cc(73)] ReadMemory at 0x5324e60 of 72 bytes failed: Only part of a ReadProcessMemory or WriteProcessMemory request was completed. (0x12B)
[0923/134030.191:ERROR:process_memory_win.cc(73)] ReadMemory at 0x5324f48 of 64 bytes failed: Only part of a ReadProcessMemory or WriteProcessMemory request was completed. (0x12B)
[0923/134030.191:ERROR:process_memory_win.cc(73)] ReadMemory at 0x5325030 of 72 bytes failed: Only part of a ReadProcessMemory or WriteProcessMemory request was completed. (0x12B)
[0923/134030.191:ERROR:process_memory_win.cc(73)] ReadMemory at 0x53251c0 of 72 bytes failed: Only part of a ReadProcessMemory or WriteProcessMemory request was completed. (0x12B)
[0923/134030.191:ERROR:process_memory_win.cc(73)] ReadMemory at 0x53252a8 of 68 bytes failed: Only part of a ReadProcessMemory or WriteProcessMemory request was completed. (0x12B)
[0923/134030.191:ERROR:process_memory_win.cc(73)] ReadMemory at 0x5325dd0 of 72 bytes failed: Only part of a ReadProcessMemory or WriteProcessMemory request was completed. (0x12B)
[0923/134030.191:ERROR:process_memory_win.cc(73)] ReadMemory at 0x5325eb8 of 154 bytes failed: Only part of a ReadProcessMemory or WriteProcessMemory request was completed. (0x12B)
[0923/134030.191:ERROR:process_memory_win.cc(73)] ReadMemory at 0x53263a8 of 62 bytes failed: Only part of a ReadProcessMemory or WriteProcessMemory request was completed. (0x12B)
[0923/134030.191:ERROR:process_memory_win.cc(73)] ReadMemory at 0x5327e18 of 72 bytes failed: Only part of a ReadProcessMemory or WriteProcessMemory request was completed. (0x12B)
[0923/134030.191:ERROR:process_memory_win.cc(73)] ReadMemory at 0x5327f00 of 60 bytes failed: Only part of a ReadProcessMemory or WriteProcessMemory request was completed. (0x12B)
[0923/134030.192:ERROR:process_memory_win.cc(73)] ReadMemory at 0x5332240 of 64 bytes failed: Only part of a ReadProcessMemory or WriteProcessMemory request was completed. (0x12B)
[0923/134030.192:ERROR:process_memory_win.cc(73)] ReadMemory at 0x5332398 of 62 bytes failed: Only part of a ReadProcessMemory or WriteProcessMemory request was completed. (0x12B)
[0923/134030.192:ERROR:process_memory_win.cc(73)] ReadMemory at 0x5332500 of 62 bytes failed: Only part of a ReadProcessMemory or WriteProcessMemory request was completed. (0x12B)
[0923/134030.192:ERROR:process_memory_win.cc(73)] ReadMemory at 0x5332590 of 58 bytes failed: Only part of a ReadProcessMemory or WriteProcessMemory request was completed. (0x12B)
[0923/134030.192:ERROR:process_memory_win.cc(73)] ReadMemory at 0x53325d8 of 62 bytes failed: Only part of a ReadProcessMemory or WriteProcessMemory request was completed. (0x12B)
[0923/134030.193:ERROR:process_memory_win.cc(73)] ReadMemory at 0x5332620 of 62 bytes failed: Only part of a ReadProcessMemory or WriteProcessMemory request was completed. (0x12B)
[0923/134030.193:ERROR:process_memory_win.cc(73)] ReadMemory at 0x5332668 of 62 bytes failed: Only part of a ReadProcessMemory or WriteProcessMemory request was completed. (0x12B)
[0923/134030.193:ERROR:process_memory_win.cc(73)] ReadMemory at 0x53326b0 of 60 bytes failed: Only part of a ReadProcessMemory or WriteProcessMemory request was completed. (0x12B)
[0923/134030.193:ERROR:process_memory_win.cc(73)] ReadMemory at 0x53326f8 of 60 bytes failed: Only part of a ReadProcessMemory or WriteProcessMemory request was completed. (0x12B)
[0923/134030.193:ERROR:process_memory_win.cc(73)] ReadMemory at 0x53328f0 of 62 bytes failed: Only part of a ReadProcessMemory or WriteProcessMemory request was completed. (0x12B)
[0923/134030.193:ERROR:process_memory_win.cc(73)] ReadMemory at 0x5332938 of 60 bytes failed: Only part of a ReadProcessMemory or WriteProcessMemory request was completed. (0x12B)
[0923/134030.193:ERROR:process_memory_win.cc(73)] ReadMemory at 0x5332a10 of 60 bytes failed: Only part of a ReadProcessMemory or WriteProcessMemory request was completed. (0x12B)
[0923/134030.193:ERROR:process_memory_win.cc(73)] ReadMemory at 0x5332a58 of 62 bytes failed: Only part of a ReadProcessMemory or WriteProcessMemory request was completed. (0x12B)
[0923/134030.193:ERROR:process_memory_win.cc(73)] ReadMemory at 0x5332bb8 of 72 bytes failed: Only part of a ReadProcessMemory or WriteProcessMemory request was completed. (0x12B)
[0923/134030.193:ERROR:process_memory_win.cc(73)] ReadMemory at 0x5333088 of 66 bytes failed: Only part of a ReadProcessMemory or WriteProcessMemory request was completed. (0x12B)
[0923/134030.193:ERROR:process_memory_win.cc(73)] ReadMemory at 0x53330f8 of 72 bytes failed: Only part of a ReadProcessMemory or WriteProcessMemory request was completed. (0x12B)
[0923/134030.193:ERROR:process_memory_win.cc(73)] ReadMemory at 0x53331a8 of 80 bytes failed: Only part of a ReadProcessMemory or WriteProcessMemory request was completed. (0x12B)
[0923/134030.194:ERROR:process_memory_win.cc(73)] ReadMemory at 0x53332c0 of 64 bytes failed: Only part of a ReadProcessMemory or WriteProcessMemory request was completed. (0x12B)
[0923/134030.194:ERROR:process_memory_win.cc(73)] ReadMemory at 0x53336d0 of 72 bytes failed: Only part of a ReadProcessMemory or WriteProcessMemory request was completed. (0x12B)
[0923/134030.194:ERROR:process_memory_win.cc(73)] ReadMemory at 0x53339d0 of 64 bytes failed: Only part of a ReadProcessMemory or WriteProcessMemory request was completed. (0x12B)
[0923/134030.194:ERROR:process_memory_win.cc(73)] ReadMemory at 0x5333c00 of 66 bytes failed: Only part of a ReadProcessMemory or WriteProcessMemory request was completed. (0x12B)
[0923/134030.194:ERROR:process_memory_win.cc(73)] ReadMemory at 0x5333d40 of 64 bytes failed: Only part of a ReadProcessMemory or WriteProcessMemory request was completed. (0x12B)
[0923/134030.194:ERROR:process_memory_win.cc(73)] ReadMemory at 0x5333e88 of 72 bytes failed: Only part of a ReadProcessMemory or WriteProcessMemory request was completed. (0x12B)
[0923/134030.194:ERROR:process_memory_win.cc(73)] ReadMemory at 0x5333fc8 of 72 bytes failed: Only part of a ReadProcessMemory or WriteProcessMemory request was completed. (0x12B)
[0923/134030.194:ERROR:process_memory_win.cc(73)] ReadMemory at 0x53360e8 of 72 bytes failed: Only part of a ReadProcessMemory or WriteProcessMemory request was completed. (0x12B)
[0923/134030.194:ERROR:process_memory_win.cc(73)] ReadMemory at 0x5336198 of 146 bytes failed: Only part of a ReadProcessMemory or WriteProcessMemory request was completed. (0x12B)
[0923/134030.194:ERROR:process_memory_win.cc(73)] ReadMemory at 0x5339838 of 72 bytes failed: Only part of a ReadProcessMemory or WriteProcessMemory request was completed. (0x12B)
[0923/134030.194:ERROR:process_memory_win.cc(73)] ReadMemory at 0x53398e8 of 72 bytes failed: Only part of a ReadProcessMemory or WriteProcessMemory request was completed. (0x12B)
[0923/134030.194:ERROR:process_memory_win.cc(73)] ReadMemory at 0x5339998 of 72 bytes failed: Only part of a ReadProcessMemory or WriteProcessMemory request was completed. (0x12B)
[0923/134030.194:ERROR:process_memory_win.cc(73)] ReadMemory at 0x5339e58 of 72 bytes failed: Only part of a ReadProcessMemory or WriteProcessMemory request was completed. (0x12B)
[0923/134030.194:ERROR:process_memory_win.cc(73)] ReadMemory at 0x5339f08 of 64 bytes failed: Only part of a ReadProcessMemory or WriteProcessMemory request was completed. (0x12B)
[0923/134030.195:ERROR:process_memory_win.cc(73)] ReadMemory at 0x533a800 of 54 bytes failed: Only part of a ReadProcessMemory or WriteProcessMemory request was completed. (0x12B)
[0923/134030.195:ERROR:process_memory_win.cc(73)] ReadMemory at 0x533c110 of 64 bytes failed: Only part of a ReadProcessMemory or WriteProcessMemory request was completed. (0x12B)
[0923/134030.195:ERROR:process_memory_win.cc(73)] ReadMemory at 0x533c3f8 of 80 bytes failed: Only part of a ReadProcessMemory or WriteProcessMemory request was completed. (0x12B)
[0923/134030.195:ERROR:process_memory_win.cc(73)] ReadMemory at 0x533cae0 of 66 bytes failed: Only part of a ReadProcessMemory or WriteProcessMemory request was completed. (0x12B)
[0923/134030.195:ERROR:process_memory_win.cc(73)] ReadMemory at 0x533ce20 of 76 bytes failed: Only part of a ReadProcessMemory or WriteProcessMemory request was completed. (0x12B)
[0923/134030.195:ERROR:process_memory_win.cc(73)] ReadMemory at 0x533fcb8 of 72 bytes failed: Only part of a ReadProcessMemory or WriteProcessMemory request was completed. (0x12B)
[0923/134030.195:ERROR:process_memory_win.cc(73)] ReadMemory at 0x533fd68 of 72 bytes failed: Only part of a ReadProcessMemory or WriteProcessMemory request was completed. (0x12B)
[0923/134030.195:ERROR:process_memory_win.cc(73)] ReadMemory at 0x533fe18 of 72 bytes failed: Only part of a ReadProcessMemory or WriteProcessMemory request was completed. (0x12B)
[0923/134030.195:ERROR:process_memory_win.cc(73)] ReadMemory at 0x533fec8 of 72 bytes failed: Only part of a ReadProcessMemory or WriteProcessMemory request was completed. (0x12B)
[0923/134030.195:ERROR:process_memory_win.cc(73)] ReadMemory at 0x533ff78 of 72 bytes failed: Only part of a ReadProcessMemory or WriteProcessMemory request was completed. (0x12B)
[0923/134030.195:ERROR:process_memory_win.cc(73)] ReadMemory at 0x5340028 of 72 bytes failed: Only part of a ReadProcessMemory or WriteProcessMemory request was completed. (0x12B)
[0923/134030.196:ERROR:process_memory_win.cc(73)] ReadMemory at 0x53400d8 of 72 bytes failed: Only part of a ReadProcessMemory or WriteProcessMemory request was completed. (0x12B)
[0923/134030.196:ERROR:process_memory_win.cc(73)] ReadMemory at 0x5340188 of 72 bytes failed: Only part of a ReadProcessMemory or WriteProcessMemory request was completed. (0x12B)
[0923/134030.196:ERROR:process_memory_win.cc(73)] ReadMemory at 0x5340238 of 72 bytes failed: Only part of a ReadProcessMemory or WriteProcessMemory request was completed. (0x12B)
[0923/134030.196:ERROR:process_memory_win.cc(73)] ReadMemory at 0x53402e8 of 72 bytes failed: Only part of a ReadProcessMemory or WriteProcessMemory request was completed. (0x12B)
[0923/134030.196:ERROR:process_memory_win.cc(73)] ReadMemory at 0x5340398 of 72 bytes failed: Only part of a ReadProcessMemory or WriteProcessMemory request was completed. (0x12B)
[0923/134030.196:ERROR:process_memory_win.cc(73)] ReadMemory at 0x5340448 of 72 bytes failed: Only part of a ReadProcessMemory or WriteProcessMemory request was completed. (0x12B)
[0923/134030.196:ERROR:process_memory_win.cc(73)] ReadMemory at 0x53404f8 of 72 bytes failed: Only part of a ReadProcessMemory or WriteProcessMemory request was completed. (0x12B)
[0923/134030.196:ERROR:process_memory_win.cc(73)] ReadMemory at 0x53405a8 of 72 bytes failed: Only part of a ReadProcessMemory or WriteProcessMemory request was completed. (0x12B)
[0923/134030.196:ERROR:process_memory_win.cc(73)] ReadMemory at 0x5340658 of 72 bytes failed: Only part of a ReadProcessMemory or WriteProcessMemory request was completed. (0x12B)
[0923/134030.196:ERROR:process_memory_win.cc(73)] ReadMemory at 0x53407b8 of 72 bytes failed: Only part of a ReadProcessMemory or WriteProcessMemory request was completed. (0x12B)
[0923/134030.196:ERROR:process_memory_win.cc(73)] ReadMemory at 0x5340868 of 72 bytes failed: Only part of a ReadProcessMemory or WriteProcessMemory request was completed. (0x12B)
[0923/134030.196:ERROR:process_memory_win.cc(73)] ReadMemory at 0x5340918 of 72 bytes failed: Only part of a ReadProcessMemory or WriteProcessMemory request was completed. (0x12B)
[0923/134030.196:ERROR:process_memory_win.cc(73)] ReadMemory at 0x53409c8 of 72 bytes failed: Only part of a ReadProcessMemory or WriteProcessMemory request was completed. (0x12B)
[0923/134030.196:ERROR:process_memory_win.cc(73)] ReadMemory at 0x5340a78 of 72 bytes failed: Only part of a ReadProcessMemory or WriteProcessMemory request was completed. (0x12B)
[0923/134030.197:ERROR:process_memory_win.cc(73)] ReadMemory at 0x5340d08 of 64 bytes failed: Only part of a ReadProcessMemory or WriteProcessMemory request was completed. (0x12B)
[0923/134030.197:ERROR:process_memory_win.cc(73)] ReadMemory at 0x5341a60 of 64 bytes failed: Only part of a ReadProcessMemory or WriteProcessMemory request was completed. (0x12B)
[0923/134030.197:ERROR:process_memory_win.cc(73)] ReadMemory at 0x5341ca8 of 58 bytes failed: Only part of a ReadProcessMemory or WriteProcessMemory request was completed. (0x12B)
[0923/134030.197:ERROR:process_memory_win.cc(73)] ReadMemory at 0x5341f40 of 512 bytes failed: Only part of a ReadProcessMemory or WriteProcessMemory request was completed. (0x12B)
[0923/134030.197:ERROR:process_memory_win.cc(73)] ReadMemory at 0x53421b8 of 60 bytes failed: Only part of a ReadProcessMemory or WriteProcessMemory request was completed. (0x12B)
[0923/134030.197:ERROR:process_memory_win.cc(73)] ReadMemory at 0x5342290 of 60 bytes failed: Only part of a ReadProcessMemory or WriteProcessMemory request was completed. (0x12B)
[0923/134030.197:ERROR:process_memory_win.cc(73)] ReadMemory at 0x5342560 of 62 bytes failed: Only part of a ReadProcessMemory or WriteProcessMemory request was completed. (0x12B)
[0923/134030.197:ERROR:process_memory_win.cc(73)] ReadMemory at 0x53425f0 of 62 bytes failed: Only part of a ReadProcessMemory or WriteProcessMemory request was completed. (0x12B)
[0923/134030.197:ERROR:process_memory_win.cc(73)] ReadMemory at 0x5342638 of 60 bytes failed: Only part of a ReadProcessMemory or WriteProcessMemory request was completed. (0x12B)
[0923/134030.197:ERROR:process_memory_win.cc(73)] ReadMemory at 0x5342710 of 62 bytes failed: Only part of a ReadProcessMemory or WriteProcessMemory request was completed. (0x12B)
[0923/134030.197:ERROR:process_memory_win.cc(73)] ReadMemory at 0x5342878 of 58 bytes failed: Only part of a ReadProcessMemory or WriteProcessMemory request was completed. (0x12B)
[0923/134030.197:ERROR:process_memory_win.cc(73)] ReadMemory at 0x53428c0 of 62 bytes failed: Only part of a ReadProcessMemory or WriteProcessMemory request was completed. (0x12B)
[0923/134030.197:ERROR:process_memory_win.cc(73)] ReadMemory at 0x5342998 of 58 bytes failed: Only part of a ReadProcessMemory or WriteProcessMemory request was completed. (0x12B)
[0923/134030.197:ERROR:process_memory_win.cc(73)] ReadMemory at 0x5342a70 of 62 bytes failed: Only part of a ReadProcessMemory or WriteProcessMemory request was completed. (0x12B)
[0923/134030.197:ERROR:process_memory_win.cc(73)] ReadMemory at 0x5342ab8 of 60 bytes failed: Only part of a ReadProcessMemory or WriteProcessMemory request was completed. (0x12B)
[0923/134030.197:ERROR:process_memory_win.cc(73)] ReadMemory at 0x5342c68 of 72 bytes failed: Only part of a ReadProcessMemory or WriteProcessMemory request was completed. (0x12B)
[0923/134030.198:ERROR:process_memory_win.cc(73)] ReadMemory at 0x5342d18 of 72 bytes failed: Only part of a ReadProcessMemory or WriteProcessMemory request was completed. (0x12B)
[0923/134030.198:ERROR:process_memory_win.cc(73)] ReadMemory at 0x5342dc8 of 72 bytes failed: Only part of a ReadProcessMemory or WriteProcessMemory request was completed. (0x12B)
[0923/134030.198:ERROR:process_memory_win.cc(73)] ReadMemory at 0x5342e78 of 72 bytes failed: Only part of a ReadProcessMemory or WriteProcessMemory request was completed. (0x12B)
[0923/134030.198:ERROR:process_memory_win.cc(73)] ReadMemory at 0x5342f28 of 72 bytes failed: Only part of a ReadProcessMemory or WriteProcessMemory request was completed. (0x12B)
[0923/134030.198:ERROR:process_memory_win.cc(73)] ReadMemory at 0x5342fd8 of 72 bytes failed: Only part of a ReadProcessMemory or WriteProcessMemory request was completed. (0x12B)
[0923/134030.198:ERROR:process_memory_win.cc(73)] ReadMemory at 0x5343088 of 72 bytes failed: Only part of a ReadProcessMemory or WriteProcessMemory request was completed. (0x12B)
[0923/134030.198:ERROR:process_memory_win.cc(73)] ReadMemory at 0x5343138 of 72 bytes failed: Only part of a ReadProcessMemory or WriteProcessMemory request was completed. (0x12B)
[0923/134030.198:ERROR:process_memory_win.cc(73)] ReadMemory at 0x5343298 of 72 bytes failed: Only part of a ReadProcessMemory or WriteProcessMemory request was completed. (0x12B)
[0923/134030.198:ERROR:process_memory_win.cc(73)] ReadMemory at 0x5343348 of 72 bytes failed: Only part of a ReadProcessMemory or WriteProcessMemory request was completed. (0x12B)
[0923/134030.198:ERROR:process_memory_win.cc(73)] ReadMemory at 0x53433f8 of 72 bytes failed: Only part of a ReadProcessMemory or WriteProcessMemory request was completed. (0x12B)
[0923/134030.198:ERROR:process_memory_win.cc(73)] ReadMemory at 0x53436b8 of 72 bytes failed: Only part of a ReadProcessMemory or WriteProcessMemory request was completed. (0x12B)
[0923/134030.198:ERROR:process_memory_win.cc(73)] ReadMemory at 0x5343768 of 72 bytes failed: Only part of a ReadProcessMemory or WriteProcessMemory request was completed. (0x12B)
[0923/134030.199:ERROR:process_memory_win.cc(73)] ReadMemory at 0x5344058 of 72 bytes failed: Only part of a ReadProcessMemory or WriteProcessMemory request was completed. (0x12B)
[0923/134030.199:ERROR:process_memory_win.cc(73)] ReadMemory at 0x53531e8 of 78 bytes failed: Only part of a ReadProcessMemory or WriteProcessMemory request was completed. (0x12B)
[0923/134030.199:ERROR:process_memory_win.cc(73)] ReadMemory at 0x5361620 of 64 bytes failed: Only part of a ReadProcessMemory or WriteProcessMemory request was completed. (0x12B)
[0923/134030.199:ERROR:process_memory_win.cc(73)] ReadMemory at 0x5361940 of 66 bytes failed: Only part of a ReadProcessMemory or WriteProcessMemory request was completed. (0x12B)
[0923/134030.199:ERROR:process_memory_win.cc(73)] ReadMemory at 0x5389528 of 528 bytes failed: Only part of a ReadProcessMemory or WriteProcessMemory request was completed. (0x12B)
[0923/134030.199:ERROR:process_memory_win.cc(73)] ReadMemory at 0x538de18 of 512 bytes failed: Only part of a ReadProcessMemory or WriteProcessMemory request was completed. (0x12B)
[0923/134030.199:ERROR:process_memory_win.cc(73)] ReadMemory at 0x140611ff of 512 bytes failed: Only part of a ReadProcessMemory or WriteProcessMemory request was completed. (0x12B)
[0923/134030.199:ERROR:process_memory_win.cc(73)] ReadMemory at 0x27caeec0 of 512 bytes failed: Only part of a ReadProcessMemory or WriteProcessMemory request was completed. (0x12B)
[0923/134030.199:ERROR:process_memory_win.cc(73)] ReadMemory at 0x3b246080 of 512 bytes failed: Only part of a ReadProcessMemory or WriteProcessMemory request was completed. (0x12B)
[0923/134030.199:ERROR:process_memory_win.cc(73)] ReadMemory at 0x752c4442 of 512 bytes failed: Only part of a ReadProcessMemory or WriteProcessMemory request was completed. (0x12B)
[0923/134030.199:ERROR:process_memory_win.cc(73)] ReadMemory at 0x778c9270 of 18 bytes failed: Only part of a ReadProcessMemory or WriteProcessMemory request was completed. (0x12B)
[0923/134030.200:ERROR:process_memory_win.cc(73)] ReadMemory at 0x779163e0 of 512 bytes failed: Only part of a ReadProcessMemory or WriteProcessMemory request was completed. (0x12B)
[0923/134030.200:ERROR:process_memory_win.cc(73)] ReadMemory at 0x77931dcc of 592 bytes failed: Only part of a ReadProcessMemory or WriteProcessMemory request was completed. (0x12B)
[0923/134030.200:ERROR:process_memory_win.cc(73)] ReadMemory at 0x779320ec of 512 bytes failed: Only part of a ReadProcessMemory or WriteProcessMemory request was completed. (0x12B)
[0923/134030.200:ERROR:process_memory_win.cc(73)] ReadMemory at 0x77933a7c of 512 bytes failed: Only part of a ReadProcessMemory or WriteProcessMemory request was completed. (0x12B)
[0923/134030.200:ERROR:process_memory_win.cc(73)] ReadMemory at 0x77935c0e of 512 bytes failed: Only part of a ReadProcessMemory or WriteProcessMemory request was completed. (0x12B)
[0923/134030.200:ERROR:process_memory_win.cc(73)] ReadMemory at 0x77948e10 of 512 bytes failed: Only part of a ReadProcessMemory or WriteProcessMemory request was completed. (0x12B)
[0923/134030.200:ERROR:process_memory_win.cc(73)] ReadMemory at 0x779c6328 of 512 bytes failed: Only part of a ReadProcessMemory or WriteProcessMemory request was completed. (0x12B)
[0923/134030.200:ERROR:process_memory_win.cc(73)] ReadMemory at 0x779db3d0 of 24 bytes failed: Only part of a ReadProcessMemory or WriteProcessMemory request was completed. (0x12B)
[0923/134030.200:ERROR:process_memory_win.cc(73)] ReadMemory at 0x779db76c of 32 bytes failed: Only part of a ReadProcessMemory or WriteProcessMemory request was completed. (0x12B)
[0923/134030.200:ERROR:process_memory_win.cc(73)] ReadMemory at 0x779ddca0 of 36 bytes failed: Only part of a ReadProcessMemory or WriteProcessMemory request was completed. (0x12B)
[0923/134030.200:ERROR:process_memory_win.cc(73)] ReadMemory at 0x779e32e0 of 512 bytes failed: Only part of a ReadProcessMemory or WriteProcessMemory request was completed. (0x12B)
[0923/134030.218:ERROR:scoped_process_suspend.cc(40)] NtResumeProcess: An attempt was made to access an exiting process. (0xc000010a)
[0923/222745.155:ERROR:prune_crash_reports.cc(36)] PruneCrashReportDatabase: Failed to get pending reports
